2025-12-10 21:37:53,429 [main] INFO  utils.Log - Opening the website
2025-12-10 21:37:57,961 [main] INFO  utils.Log - Website opened successfully
2025-12-10 21:38:01,443 [main] INFO  utils.Log - entering credentials
2025-12-10 21:38:03,344 [main] INFO  utils.Log - Login successful
2025-12-11 10:33:04,790 [main] INFO  utils.Log - Entering credentials
2025-12-11 10:33:57,920 [main] INFO  utils.Log - Opening the website
2025-12-11 10:34:03,289 [main] INFO  utils.Log - Website opened successfully
2025-12-11 10:34:06,803 [main] INFO  utils.Log - Entering credentials
2025-12-11 10:34:08,644 [main] INFO  utils.Log - Login successful
2025-12-11 12:00:40,704 [main] INFO  utils.Log - Opening the website
2025-12-11 12:00:46,342 [main] INFO  utils.Log - Website opened successfully
2025-12-11 12:03:53,394 [main] INFO  utils.Log - Opening the website
2025-12-11 12:03:59,681 [main] INFO  utils.Log - Website opened successfully
2025-12-11 12:23:35,599 [main] INFO  utils.Log - Opening the website
2025-12-11 12:23:40,437 [main] INFO  utils.Log - Website opened successfully
2025-12-11 12:57:26,023 [main] INFO  utils.Log - Opening the website
2025-12-11 12:57:28,989 [main] INFO  utils.Log - Website opened successfully
2025-12-11 12:58:08,899 [main] INFO  utils.Log - Opening the website
2025-12-11 12:58:14,104 [main] INFO  utils.Log - Website opened successfully
2025-12-11 13:00:38,820 [main] INFO  utils.Log - Opening the website
2025-12-11 13:00:43,512 [main] INFO  utils.Log - Website opened successfully
2025-12-11 13:01:23,122 [main] INFO  utils.Log - Opening the website
2025-12-11 13:01:26,199 [main] INFO  utils.Log - Website opened successfully
2025-12-11 13:02:33,432 [main] INFO  utils.Log - Opening the website
2025-12-11 13:02:37,545 [main] INFO  utils.Log - Website opened successfully
2025-12-11 13:05:47,895 [main] INFO  utils.Log - Opening the website
2025-12-11 13:05:53,279 [main] INFO  utils.Log - Website opened successfully
2025-12-11 13:27:33,515 [main] INFO  utils.Log - Opening the website
2025-12-11 13:27:33,856 [main] INFO  utils.Log - Website opened successfully
2025-12-11 13:27:37,493 [main] INFO  utils.Log - Entering credentials
2025-12-11 15:56:23,136 [main] INFO  utils.Log - Opening the website
2025-12-11 15:56:23,640 [main] INFO  utils.Log - Website opened successfully
2025-12-11 16:00:54,248 [main] INFO  utils.Log - Opening the website
2025-12-11 16:00:54,596 [main] INFO  utils.Log - Website opened successfully
2025-12-11 16:01:54,152 [main] INFO  utils.Log - Opening the website
2025-12-11 16:01:54,456 [main] INFO  utils.Log - Website opened successfully
2025-12-11 16:05:07,074 [main] INFO  utils.Log - Opening the website
2025-12-11 16:05:07,423 [main] INFO  utils.Log - Website opened successfully
2025-12-11 16:07:38,950 [main] INFO  utils.Log - Opening the website
2025-12-11 16:07:39,265 [main] INFO  utils.Log - Website opened successfully
2025-12-11 16:12:19,344 [main] INFO  utils.Log - Opening the website
2025-12-11 16:12:22,620 [main] INFO  utils.Log - Website opened successfully
2025-12-11 16:13:16,812 [main] INFO  utils.Log - Opening the website
2025-12-11 16:13:17,159 [main] INFO  utils.Log - Website opened successfully
2025-12-12 09:11:04,020 [main] INFO  utils.Log - Opening the website
2025-12-12 09:11:04,423 [main] INFO  utils.Log - Website opened successfully
2025-12-12 09:16:24,252 [main] INFO  utils.Log - Opening the website
2025-12-12 09:16:24,551 [main] INFO  utils.Log - Website opened successfully
2025-12-12 09:22:26,209 [main] INFO  utils.Log - Opening the website
2025-12-12 09:22:26,235 [main] INFO  utils.Log - Website opened successfully
2025-12-12 09:24:16,714 [main] INFO  utils.Log - Opening the website
2025-12-12 09:24:17,113 [main] INFO  utils.Log - Website opened successfully
2025-12-12 09:25:56,036 [main] INFO  utils.Log - Opening the website
2025-12-12 09:25:56,334 [main] INFO  utils.Log - Website opened successfully
2025-12-12 14:40:54,201 [main] INFO  utils.Log - Opening the website
2025-12-12 14:40:54,660 [main] INFO  utils.Log - Website opened successfully
2025-12-12 14:42:57,078 [main] INFO  utils.Log - Opening the website
2025-12-12 14:42:57,375 [main] INFO  utils.Log - Website opened successfully
2025-12-12 14:54:03,701 [main] INFO  utils.Log - Opening the website
2025-12-12 14:54:04,096 [main] INFO  utils.Log - Website opened successfully
2025-12-12 14:58:54,389 [main] INFO  utils.Log - Opening the website
2025-12-12 14:58:54,429 [main] INFO  utils.Log - Website opened successfully
2025-12-12 14:59:04,088 [main] INFO  utils.Log - Opening the website
2025-12-12 14:59:04,409 [main] INFO  utils.Log - Website opened successfully
2025-12-12 14:59:07,828 [main] INFO  utils.Log - Entering credentials
2025-12-12 14:59:29,568 [main] INFO  utils.Log - Opening the website
2025-12-12 14:59:29,898 [main] INFO  utils.Log - Website opened successfully
2025-12-12 17:13:18,871 [main] INFO  utils.Log - Opening the website
2025-12-12 17:13:19,282 [main] INFO  utils.Log - Website opened successfully
2025-12-12 17:13:29,063 [main] INFO  utils.Log - Opening the website
2025-12-12 17:13:29,515 [main] INFO  utils.Log - Website opened successfully
2025-12-12 17:13:32,018 [main] INFO  utils.Log - Entering credentials
2025-12-12 17:13:53,912 [main] INFO  utils.Log - Opening the website
2025-12-12 17:13:54,001 [main] INFO  utils.Log - Website opened successfully
2025-12-12 17:14:23,491 [main] INFO  utils.Log - Opening the website
2025-12-12 17:14:23,548 [main] INFO  utils.Log - Website opened successfully
2025-12-12 17:14:32,665 [main] INFO  utils.Log - Opening the website
2025-12-12 17:14:32,714 [main] INFO  utils.Log - Website opened successfully
2025-12-12 17:14:35,127 [main] INFO  utils.Log - Entering credentials
2025-12-12 17:14:58,067 [main] INFO  utils.Log - Opening the website
2025-12-12 17:14:58,613 [main] INFO  utils.Log - Website opened successfully
2025-12-13 10:32:00,591 [main] INFO  utils.Log - Website opened successfully
2025-12-13 10:32:31,232 [main] INFO  utils.Log - Website opened successfully
2025-12-13 10:46:05,375 [main] INFO  utils.Log - Website opened successfully
2025-12-13 10:46:14,550 [main] INFO  utils.Log - Website opened successfully
2025-12-13 10:54:37,954 [main] INFO  utils.Log - Website opened successfully
2025-12-13 10:54:46,687 [main] INFO  utils.Log - Website opened successfully
2025-12-13 10:55:32,035 [main] INFO  utils.Log - Website opened successfully
2025-12-13 11:12:39,812 [main] INFO  utils.Log - Website opened successfully
2025-12-13 11:12:49,178 [main] INFO  utils.Log - Website opened successfully
